# JRE version: Java(TM) SE Runtime Environment (8.0_221-b11) (build 1.8.0_221-b11)
# Java VM: Java HotSpot(TM) 64-Bit Server VM (25.221-b11 mixed mode windows-amd64 compressed oops)
Heap:
 PSYoungGen      total 35840K, used 12994K [0x00000000d8380000, 0x00000000dc980000, 0x0000000100000000)
  eden space 30720K, 33% used [0x00000000d8380000,0x00000000d8d908c8,0x00000000da180000)
  from space 5120K, 52% used [0x00000000da680000,0x00000000da920020,0x00000000dab80000)
  to   space 5120K, 0% used [0x00000000da180000,0x00000000da180000,0x00000000da680000)
 ParOldGen       total 81920K, used 14877K [0x0000000088a00000, 0x000000008da00000, 0x00000000d8380000)
  object space 81920K, 18% used [0x0000000088a00000,0x0000000089887640,0x000000008da00000)
 Metaspace       used 14484K, capacity 14714K, committed 14848K, reserved 1062912K
  class space    used 1664K, capacity 1729K, committed 1792K, reserved 1048576K
GC Heap History (4 events):
Event: 3.776 GC heap before
{Heap before GC invocations=1 (full 0):
 PSYoungGen      total 35840K, used 30720K [0x00000000d8380000, 0x00000000dab80000, 0x0000000100000000)
  eden space 30720K, 100% used [0x00000000d8380000,0x00000000da180000,0x00000000da180000)
  from space 5120K, 0% used [0x00000000da680000,0x00000000da680000,0x00000000dab80000)
  to   space 5120K, 0% used [0x00000000da180000,0x00000000da180000,0x00000000da680000)
 ParOldGen       total 81920K, used 0K [0x0000000088a00000, 0x000000008da00000, 0x00000000d8380000)
  object space 81920K, 0% used [0x0000000088a00000,0x0000000088a00000,0x000000008da00000)
 Metaspace       used 14398K, capacity 14650K, committed 14848K, reserved 1062912K
  class space    used 1654K, capacity 1729K, committed 1792K, reserved 1048576K
Event: 3.792 GC heap after
Heap after GC invocations=1 (full 0):
 PSYoungGen      total 35840K, used 3400K [0x00000000d8380000, 0x00000000dab80000, 0x0000000100000000)
  eden space 30720K, 0% used [0x00000000d8380000,0x00000000d8380000,0x00000000da180000)
  from space 5120K, 66% used [0x00000000da180000,0x00000000da4d22d8,0x00000000da680000)
  to   space 5120K, 0% used [0x00000000da680000,0x00000000da680000,0x00000000dab80000)
 ParOldGen       total 81920K, used 14869K [0x0000000088a00000, 0x000000008da00000, 0x00000000d8380000)
  object space 81920K, 18% used [0x0000000088a00000,0x0000000089885640,0x000000008da00000)
 Metaspace       used 14398K, capacity 14650K, committed 14848K, reserved 1062912K
  class space    used 1654K, capacity 1729K, committed 1792K, reserved 1048576K
}
Event: 4.011 GC heap before
{Heap before GC invocations=2 (full 0):
 PSYoungGen      total 35840K, used 34120K [0x00000000d8380000, 0x00000000dab80000, 0x0000000100000000)
  eden space 30720K, 100% used [0x00000000d8380000,0x00000000da180000,0x00000000da180000)
  from space 5120K, 66% used [0x00000000da180000,0x00000000da4d22d8,0x00000000da680000)
  to   space 5120K, 0% used [0x00000000da680000,0x00000000da680000,0x00000000dab80000)
 ParOldGen       total 81920K, used 14869K [0x0000000088a00000, 0x000000008da00000, 0x00000000d8380000)
  object space 81920K, 18% used [0x0000000088a00000,0x0000000089885640,0x000000008da00000)
 Metaspace       used 14403K, capacity 14650K, committed 14848K, reserved 1062912K
  class space    used 1654K, capacity 1729K, committed 1792K, reserved 1048576K
Event: 4.018 GC heap after
Heap after GC invocations=2 (full 0):
 PSYoungGen      total 35840K, used 2688K [0x00000000d8380000, 0x00000000dc980000, 0x0000000100000000)
  eden space 30720K, 0% used [0x00000000d8380000,0x00000000d8380000,0x00000000da180000)
  from space 5120K, 52% used [0x00000000da680000,0x00000000da920020,0x00000000dab80000)
  to   space 5120K, 0% used [0x00000000da180000,0x00000000da180000,0x00000000da680000)
 ParOldGen       total 81920K, used 14877K [0x0000000088a00000, 0x000000008da00000, 0x00000000d8380000)
  object space 81920K, 18% used [0x0000000088a00000,0x0000000089887640,0x000000008da00000)
 Metaspace       used 14403K, capacity 14650K, committed 14848K, reserved 1062912K
  class space    used 1654K, capacity 1729K, committed 1792K, reserved 1048576K
}

